Added Pin To Net: NetName=GND Pin=C3-1
Added Pin To Net: NetName=NetC3_12 Pin=C3-1
Added Pin To Net: NetName=GND Pin=C4-1
Added Pin To Net: NetName=NetC3_12 Pin=C4-1
Added Pin To Net: NetName=GND Pin=C5-1
Added Pin To Net: NetName=NetC3_12 Pin=C5-1
Added Pin To Net: NetName=+5V Pin=C6-1
Added Pin To Net: NetName=GND Pin=C6-1
Added Pin To Net: NetName=+5V/3V3 Pin=C8-1
Added Pin To Net: NetName=GND Pin=C8-1
Added Pin To Net: NetName=16U2 16MHZ XTAL1 Pin=C9-1
Added Pin To Net: NetName=GND Pin=C9-1
Added Pin To Net: NetName=16U2 16MHZ XTAL2 Pin=C10-1
Added Pin To Net: NetName=GND Pin=C10-1
Added Pin To Net: NetName=328P AUTORESETn Pin=C11-1
Added Pin To Net: NetName=+5V Pin=C12-1
Added Pin To Net: NetName=GND Pin=C12-1
Added Pin To Net: NetName=+3V3 Pin=C13-1
Added Pin To Net: NetName=GND Pin=C13-1
Added Pin To Net: NetName=+5V Pin=C14-1
Added Pin To Net: NetName=GND Pin=C14-1
Added Pin To Net: NetName=+5V/3V3 Pin=C15-1
Added Pin To Net: NetName=GND Pin=C15-1
Added Pin To Net: NetName=+3V3 Pin=C16-1
Added Pin To Net: NetName=GND Pin=C16-1
Added Pin To Net: NetName=+5V/3V3 Pin=C17-1
Added Pin To Net: NetName=GND Pin=C17-1
Added Pin To Net: NetName=+5V/3V3 328P VCC Pin=C19-1
Added Pin To Net: NetName=GND Pin=C19-1
Added Pin To Net: NetName=+5V/3V3 328P VCC Pin=C20-1
Added Pin To Net: NetName=GND Pin=C20-1
Added Pin To Net: NetName=AD4/SDA Pin=C21-1
Added Pin To Net: NetName=GND Pin=C21-1
Added Pin To Net: NetName=+5V/3V3 328P AVCC Pin=C22-1
Added Pin To Net: NetName=GND Pin=C22-1
Added Pin To Net: NetName=+5V/3V3 328P AVCC Pin=C23-1
Added Pin To Net: NetName=GND Pin=C23-1
Added Pin To Net: NetName=AD4/SDA Pin=C24-1
Added Pin To Net: NetName=GND Pin=C24-1
Added Pin To Net: NetName=328P 16MHZ XTAL1 Pin=C25-1
Added Pin To Net: NetName=GND Pin=C25-1
Added Pin To Net: NetName=+5V/3V3 Pin=C26-1
Added Pin To Net: NetName=GND Pin=C26-1
Added Pin To Net: NetName=328P 16MHZ XTAL2 Pin=C27-1
Added Pin To Net: NetName=GND Pin=C27-1
Added Pin To Net: NetName=+5V/3V3 Pin=C28-1
Added Pin To Net: NetName=GND Pin=C28-1
Added Pin To Net: NetName=+5V/3V3 Pin=C29-1
Added Pin To Net: NetName=GND Pin=C29-1
Added Pin To Net: NetName=+5V/3V3 Pin=C30-1
Added Pin To Net: NetName=GND Pin=C30-1
Added Pin To Net: NetName=16U2 BUF RESETn Pin=C31-1
Added Pin To Net: NetName=GND Pin=C31-1
Added Pin To Net: NetName=328P BUF RESETn Pin=C32-1
Added Pin To Net: NetName=GND Pin=C32-1
Added Pin To Net: NetName=GND Pin=C33-1
Added Pin To Net: NetName=USER BUTTON BUF Pin=C33-1
Added Pin To Net: NetName=+5V/3V3 Pin=C34-1
Added Pin To Net: NetName=GND Pin=C34-1
Change Net Name : Old Net Name=NetC3_12 New Net Name=NetC3_1
Added Pin To Net: NetName=NetC11_1 Pin=C11-1
Added Pin To Net: NetName=NetC11_1 Pin=JP1-1
Added Net: Name=NetC11_1
